<?xml version="1.0" encoding="UTF-8"?>
<!-- Generated by org.testng.reporters.JUnitReportReporter -->
<testsuite skipped="1" hostname="DESKTOP-HSD14IN" name="com.qa.hubspot.test.LoginPageTest" tests="4" failures="0" timestamp="28 Mar 2020 21:22:44 GMT" time="8.622" errors="0">
  <testcase name="verifySignUpLinkTest" time="4.951" classname="com.qa.hubspot.test.LoginPageTest"/>
  <testcase name="verifyLoginPageTitleTest" time="0.035" classname="com.qa.hubspot.test.LoginPageTest"/>
  <testcase name="loginTest" time="3.636" classname="com.qa.hubspot.test.LoginPageTest"/>
  <testcase name="login_InvalidTestCases" classname="com.qa.hubspot.test.LoginPageTest">
    <skipped/>
  </testcase> <!-- login_InvalidTestCases -->
</testsuite> <!-- com.qa.hubspot.test.LoginPageTest -->
