<?xml version="1.0" encoding="UTF-8"?>
<!-- Generated by org.testng.reporters.JUnitReportReporter -->
<testsuite skipped="0" hostname="DESKTOP-HSD14IN" name="com.qa.hubspot.test.ContactsPageTest" tests="6" failures="0" timestamp="29 Mar 2020 00:09:11 GMT" time="35.105" errors="0">
  <testcase name="verifyContactsPageTitleTest" time="0.163" classname="com.qa.hubspot.test.ContactsPageTest"/>
  <testcase name="createContactsTest" time="7.178" classname="com.qa.hubspot.test.ContactsPageTest"/>
  <testcase name="createContactsTest" time="7.494" classname="com.qa.hubspot.test.ContactsPageTest"/>
  <testcase name="createContactsTest" time="7.279" classname="com.qa.hubspot.test.ContactsPageTest"/>
  <testcase name="createContactsTest" time="6.062" classname="com.qa.hubspot.test.ContactsPageTest"/>
  <testcase name="createContactsTest" time="6.929" classname="com.qa.hubspot.test.ContactsPageTest"/>
</testsuite> <!-- com.qa.hubspot.test.ContactsPageTest -->
