<?xml version="1.0" encoding="UTF-8"?>
<!-- Generated by org.testng.reporters.JUnitReportReporter -->
<testsuite skipped="1" hostname="DESKTOP-HSD14IN" name="com.qa.hubspot.test.LoginPageTest" tests="4" failures="0" timestamp="28 Mar 2020 21:28:43 GMT" time="9.356" errors="0">
  <testcase name="verifySignUpLinkTest" time="5.121" classname="com.qa.hubspot.test.LoginPageTest"/>
  <testcase name="verifyLoginPageTitleTest" time="0.017" classname="com.qa.hubspot.test.LoginPageTest"/>
  <testcase name="loginTest" time="4.218" classname="com.qa.hubspot.test.LoginPageTest"/>
  <testcase name="login_InvalidTestCases" classname="com.qa.hubspot.test.LoginPageTest">
    <skipped/>
  </testcase> <!-- login_InvalidTestCases -->
</testsuite> <!-- com.qa.hubspot.test.LoginPageTest -->
